<?xml version="1.0" encoding="UTF-8"?>
<!-- Generated by org.testng.reporters.JUnitReportReporter -->
<testsuite hostname="Asus-India" name="com.facebook.TestCases.LoginUI_Test" tests="7" failures="0" timestamp="30 Aug 2018 21:23:27 GMT" time="10.027" errors="0">
  <testcase name="testFive" time="0.762" classname="com.facebook.TestCases.LoginUI_Test"/>
  <testcase name="testOne" time="4.028" classname="com.facebook.TestCases.LoginUI_Test"/>
  <testcase name="testOneTwo" time="0.883" classname="com.facebook.TestCases.LoginUI_Test"/>
  <testcase name="testTwo" time="0.936" classname="com.facebook.TestCases.LoginUI_Test"/>
  <testcase name="testFour" time="1.849" classname="com.facebook.TestCases.LoginUI_Test"/>
  <testcase name="testSix" time="0.833" classname="com.facebook.TestCases.LoginUI_Test"/>
  <testcase name="testThree" time="0.736" classname="com.facebook.TestCases.LoginUI_Test"/>
</testsuite> <!-- com.facebook.TestCases.LoginUI_Test -->
