<?xml version="1.0" encoding="UTF-8"?>
<!-- Generated by org.testng.reporters.JUnitReportReporter -->
<testsuite hostname="Asus-India" name="com.facebook.TestCases.LoginUI_Test" tests="7" failures="0" timestamp="30 Aug 2018 18:30:57 GMT" time="10.541" errors="0">
  <testcase name="testOne" time="3.988" classname="com.facebook.TestCases.LoginUI_Test"/>
  <testcase name="testFive" time="1.867" classname="com.facebook.TestCases.LoginUI_Test"/>
  <testcase name="testOneTwo" time="0.948" classname="com.facebook.TestCases.LoginUI_Test"/>
  <testcase name="testThree" time="1.067" classname="com.facebook.TestCases.LoginUI_Test"/>
  <testcase name="testTwo" time="0.808" classname="com.facebook.TestCases.LoginUI_Test"/>
  <testcase name="testFour" time="0.945" classname="com.facebook.TestCases.LoginUI_Test"/>
  <testcase name="testSix" time="0.918" classname="com.facebook.TestCases.LoginUI_Test"/>
</testsuite> <!-- com.facebook.TestCases.LoginUI_Test -->
